#-----------------------------------------------------------
# Vivado v2020.2 (64-bit)
# SW Build 3064766 on Wed Nov 18 09:12:45 MST 2020
# IP Build 3064653 on Wed Nov 18 14:17:31 MST 2020
# Start of session at: Wed Mar  1 11:56:18 2023
# Process ID: 6352
# Current directory: C:/Users/240586/Documents/digital-electronics-1/04-segment
# Command line: vivado.exe -gui_launcher_event rodinguilauncherevent1392 C:\Users\240586\Documents\digital-electronics-1\04-segment\04-segment.xpr
# Log file: C:/Users/240586/Documents/digital-electronics-1/04-segment/vivado.log
# Journal file: C:/Users/240586/Documents/digital-electronics-1/04-segment\vivado.jou
#-----------------------------------------------------------
start_gui
open_project C:/Users/240586/Documents/digital-electronics-1/04-segment/04-segment.xpr
INFO: [Project 1-313] Project file moved from 'C:/Users/240586/Documents/digital-electronics-1/03-vivado/04-segment' since last save.
WARNING: [filemgmt 56-2] Default IP Output Path : Could not find the directory 'C:/Users/240586/Documents/digital-electronics-1/04-segment/04-segment.gen/sources_1', nor could it be found using path 'C:/Users/240586/Documents/digital-electronics-1/03-vivado/04-segment/04-segment.gen/sources_1'.
Scanning sources...
Finished scanning sources
INFO: [IP_Flow 19-234] Refreshing IP repositories
INFO: [IP_Flow 19-1704] No user IP repositories specified
INFO: [IP_Flow 19-2313] Loaded Vivado IP repository 'C:/appz/Xilinx/Vivado/2020.2/data/ip'.
update_compile_order -fileset sources_1
launch_simulation
Command: launch_simulation 
INFO: [Vivado 12-5682] Launching behavioral simulation in 'C:/Users/240586/Documents/digital-electronics-1/04-segment/04-segment.sim/sim_1/behav/xsim'
INFO: [SIM-utils-51] Simulation object is 'sim_1'
INFO: [SIM-utils-54] Inspecting design source files for 'tb_hex_7seg' in fileset 'sim_1'...
INFO: [USF-XSim-97] Finding global include files...
INFO: [USF-XSim-98] Fetching design files from 'sim_1'...
INFO: [USF-XSim-2] XSim::Compile design
INFO: [USF-XSim-61] Executing 'COMPILE and ANALYZE' step in 'C:/Users/240586/Documents/digital-electronics-1/04-segment/04-segment.sim/sim_1/behav/xsim'
"xvhdl --incr --relax -prj tb_hex_7seg_vhdl.prj"
INFO: [VRFC 10-163] Analyzing VHDL file "C:/Users/240586/Documents/digital-electronics-1/04-segment/04-segment.srcs/sources_1/new/hex_7seg.vhd" into library xil_defaultlib
INFO: [VRFC 10-3107] analyzing entity 'hex_7seg'
INFO: [VRFC 10-163] Analyzing VHDL file "C:/Users/240586/Documents/digital-electronics-1/04-segment/04-segment.srcs/sim_1/new/tb_hex_7seg.vhd" into library xil_defaultlib
INFO: [VRFC 10-3107] analyzing entity 'tb_hex_7seg'
INFO: [USF-XSim-69] 'compile' step finished in '1' seconds
INFO: [USF-XSim-3] XSim::Elaborate design
INFO: [USF-XSim-61] Executing 'ELABORATE' step in 'C:/Users/240586/Documents/digital-electronics-1/04-segment/04-segment.sim/sim_1/behav/xsim'
"xelab -wto 03f170613003494b883b478d040073a3 --incr --debug typical --relax --mt 2 -L xil_defaultlib -L secureip --snapshot tb_hex_7seg_behav xil_defaultlib.tb_hex_7seg -log elaborate.log"
Vivado Simulator 2020.2
Copyright 1986-1999, 2001-2020 Xilinx, Inc. All Rights Reserved.
Running: C:/appz/Xilinx/Vivado/2020.2/bin/unwrapped/win64.o/xelab.exe -wto 03f170613003494b883b478d040073a3 --incr --debug typical --relax --mt 2 -L xil_defaultlib -L secureip --snapshot tb_hex_7seg_behav xil_defaultlib.tb_hex_7seg -log elaborate.log 
Using 2 slave threads.
Starting static elaboration
ERROR: [VRFC 10-494] choice "01101" should have 4 elements [C:/Users/240586/Documents/digital-electronics-1/04-segment/04-segment.srcs/sources_1/new/hex_7seg.vhd:89]
ERROR: [XSIM 43-3321] Static elaboration of top level VHDL design unit tb_hex_7seg in library work failed.
INFO: [USF-XSim-69] 'elaborate' step finished in '1' seconds
INFO: [USF-XSim-99] Step results log file:'C:/Users/240586/Documents/digital-electronics-1/04-segment/04-segment.sim/sim_1/behav/xsim/elaborate.log'
ERROR: [USF-XSim-62] 'elaborate' step failed with error(s). Please check the Tcl console output or 'C:/Users/240586/Documents/digital-electronics-1/04-segment/04-segment.sim/sim_1/behav/xsim/elaborate.log' file for more information.
ERROR: [Vivado 12-4473] Detected error while running simulation. Please correct the issue and retry this operation.
ERROR: [Common 17-39] 'launch_simulation' failed due to earlier errors.
launch_simulation
Command: launch_simulation 
INFO: [Vivado 12-5682] Launching behavioral simulation in 'C:/Users/240586/Documents/digital-electronics-1/04-segment/04-segment.sim/sim_1/behav/xsim'
INFO: [SIM-utils-51] Simulation object is 'sim_1'
INFO: [SIM-utils-54] Inspecting design source files for 'tb_hex_7seg' in fileset 'sim_1'...
INFO: [USF-XSim-97] Finding global include files...
INFO: [USF-XSim-98] Fetching design files from 'sim_1'...
INFO: [USF-XSim-2] XSim::Compile design
INFO: [USF-XSim-61] Executing 'COMPILE and ANALYZE' step in 'C:/Users/240586/Documents/digital-electronics-1/04-segment/04-segment.sim/sim_1/behav/xsim'
"xvhdl --incr --relax -prj tb_hex_7seg_vhdl.prj"
INFO: [USF-XSim-69] 'compile' step finished in '1' seconds
INFO: [USF-XSim-3] XSim::Elaborate design
INFO: [USF-XSim-61] Executing 'ELABORATE' step in 'C:/Users/240586/Documents/digital-electronics-1/04-segment/04-segment.sim/sim_1/behav/xsim'
"xelab -wto 03f170613003494b883b478d040073a3 --incr --debug typical --relax --mt 2 -L xil_defaultlib -L secureip --snapshot tb_hex_7seg_behav xil_defaultlib.tb_hex_7seg -log elaborate.log"
Vivado Simulator 2020.2
Copyright 1986-1999, 2001-2020 Xilinx, Inc. All Rights Reserved.
Running: C:/appz/Xilinx/Vivado/2020.2/bin/unwrapped/win64.o/xelab.exe -wto 03f170613003494b883b478d040073a3 --incr --debug typical --relax --mt 2 -L xil_defaultlib -L secureip --snapshot tb_hex_7seg_behav xil_defaultlib.tb_hex_7seg -log elaborate.log 
Using 2 slave threads.
Starting static elaboration
ERROR: [VRFC 10-494] choice "01101" should have 4 elements [C:/Users/240586/Documents/digital-electronics-1/04-segment/04-segment.srcs/sources_1/new/hex_7seg.vhd:89]
ERROR: [XSIM 43-3321] Static elaboration of top level VHDL design unit tb_hex_7seg in library work failed.
INFO: [USF-XSim-69] 'elaborate' step finished in '2' seconds
INFO: [USF-XSim-99] Step results log file:'C:/Users/240586/Documents/digital-electronics-1/04-segment/04-segment.sim/sim_1/behav/xsim/elaborate.log'
ERROR: [USF-XSim-62] 'elaborate' step failed with error(s). Please check the Tcl console output or 'C:/Users/240586/Documents/digital-electronics-1/04-segment/04-segment.sim/sim_1/behav/xsim/elaborate.log' file for more information.
ERROR: [Vivado 12-4473] Detected error while running simulation. Please correct the issue and retry this operation.
ERROR: [Common 17-39] 'launch_simulation' failed due to earlier errors.
launch_simulation
Command: launch_simulation 
INFO: [Vivado 12-5682] Launching behavioral simulation in 'C:/Users/240586/Documents/digital-electronics-1/04-segment/04-segment.sim/sim_1/behav/xsim'
INFO: [SIM-utils-51] Simulation object is 'sim_1'
INFO: [SIM-utils-54] Inspecting design source files for 'tb_hex_7seg' in fileset 'sim_1'...
INFO: [USF-XSim-97] Finding global include files...
INFO: [USF-XSim-98] Fetching design files from 'sim_1'...
INFO: [USF-XSim-2] XSim::Compile design
INFO: [USF-XSim-61] Executing 'COMPILE and ANALYZE' step in 'C:/Users/240586/Documents/digital-electronics-1/04-segment/04-segment.sim/sim_1/behav/xsim'
"xvhdl --incr --relax -prj tb_hex_7seg_vhdl.prj"
INFO: [VRFC 10-163] Analyzing VHDL file "C:/Users/240586/Documents/digital-electronics-1/04-segment/04-segment.srcs/sources_1/new/hex_7seg.vhd" into library xil_defaultlib
INFO: [VRFC 10-3107] analyzing entity 'hex_7seg'
INFO: [VRFC 10-163] Analyzing VHDL file "C:/Users/240586/Documents/digital-electronics-1/04-segment/04-segment.srcs/sim_1/new/tb_hex_7seg.vhd" into library xil_defaultlib
INFO: [VRFC 10-3107] analyzing entity 'tb_hex_7seg'
INFO: [USF-XSim-69] 'compile' step finished in '2' seconds
INFO: [USF-XSim-3] XSim::Elaborate design
INFO: [USF-XSim-61] Executing 'ELABORATE' step in 'C:/Users/240586/Documents/digital-electronics-1/04-segment/04-segment.sim/sim_1/behav/xsim'
"xelab -wto 03f170613003494b883b478d040073a3 --incr --debug typical --relax --mt 2 -L xil_defaultlib -L secureip --snapshot tb_hex_7seg_behav xil_defaultlib.tb_hex_7seg -log elaborate.log"
Vivado Simulator 2020.2
Copyright 1986-1999, 2001-2020 Xilinx, Inc. All Rights Reserved.
Running: C:/appz/Xilinx/Vivado/2020.2/bin/unwrapped/win64.o/xelab.exe -wto 03f170613003494b883b478d040073a3 --incr --debug typical --relax --mt 2 -L xil_defaultlib -L secureip --snapshot tb_hex_7seg_behav xil_defaultlib.tb_hex_7seg -log elaborate.log 
Using 2 slave threads.
Starting static elaboration
Completed static elaboration
Starting simulation data flow analysis
Completed simulation data flow analysis
Time Resolution for simulation is 1ps
Compiling package std.standard
Compiling package std.textio
Compiling package ieee.std_logic_1164
Compiling package ieee.numeric_std
Compiling architecture behavioral of entity xil_defaultlib.hex_7seg [hex_7seg_default]
Compiling architecture testbench of entity xil_defaultlib.tb_hex_7seg
Built simulation snapshot tb_hex_7seg_behav

****** Webtalk v2020.2 (64-bit)
  **** SW Build 3064766 on Wed Nov 18 09:12:45 MST 2020
  **** IP Build 3064653 on Wed Nov 18 14:17:31 MST 2020
    ** Copyright 1986-2020 Xilinx, Inc. All Rights Reserved.

source C:/Users/240586/Documents/digital-electronics-1/04-segment/04-segment.sim/sim_1/behav/xsim/xsim.dir/tb_hex_7seg_behav/webtalk/xsim_webtalk.tcl -notrace
INFO: [Common 17-186] 'C:/Users/240586/Documents/digital-electronics-1/04-segment/04-segment.sim/sim_1/behav/xsim/xsim.dir/tb_hex_7seg_behav/webtalk/usage_statistics_ext_xsim.xml' has been successfully sent to Xilinx on Wed Mar  1 11:59:13 2023. For additional details about this file, please refer to the WebTalk help file at C:/appz/Xilinx/Vivado/2020.2/doc/webtalk_introduction.html.
INFO: [Common 17-206] Exiting Webtalk at Wed Mar  1 11:59:13 2023...
run_program: Time (s): cpu = 00:00:00 ; elapsed = 00:00:06 . Memory (MB): peak = 1199.723 ; gain = 0.000
INFO: [USF-XSim-69] 'elaborate' step finished in '6' seconds
INFO: [USF-XSim-4] XSim::Simulate design
INFO: [USF-XSim-61] Executing 'SIMULATE' step in 'C:/Users/240586/Documents/digital-electronics-1/04-segment/04-segment.sim/sim_1/behav/xsim'
INFO: [USF-XSim-98] *** Running xsim
   with args "tb_hex_7seg_behav -key {Behavioral:sim_1:Functional:tb_hex_7seg} -tclbatch {tb_hex_7seg.tcl} -log {simulate.log}"
INFO: [USF-XSim-8] Loading simulator feature
Vivado Simulator 2020.2
Time resolution is 1 ps
source tb_hex_7seg.tcl
# set curr_wave [current_wave_config]
# if { [string length $curr_wave] == 0 } {
#   if { [llength [get_objects]] > 0} {
#     add_wave /
#     set_property needs_save false [current_wave_config]
#   } else {
#      send_msg_id Add_Wave-1 WARNING "No top level signals found. Simulator will start without a wave window. If you want to open a wave window go to 'File->New Waveform Configuration' or type 'create_wave_config' in the TCL console."
#   }
# }
# run 1000ns
Note: Stimulus process started
Time: 0 ps  Iteration: 0  Process: /tb_hex_7seg/p_stimulus  File: C:/Users/240586/Documents/digital-electronics-1/04-segment/04-segment.srcs/sim_1/new/tb_hex_7seg.vhd
INFO: [USF-XSim-96] XSim completed. Design snapshot 'tb_hex_7seg_behav' loaded.
INFO: [USF-XSim-97] XSim simulation ran for 1000ns
launch_simulation: Time (s): cpu = 00:00:07 ; elapsed = 00:00:12 . Memory (MB): peak = 1199.723 ; gain = 0.000
synth_design -rtl -rtl_skip_mlo -name rtl_1
Command: synth_design -rtl -rtl_skip_mlo -name rtl_1
Starting synth_design
Using part: xc7a50ticsg324-1L
Top: hex_7seg
INFO: [Device 21-403] Loading part xc7a50ticsg324-1L
---------------------------------------------------------------------------------
Starting RTL Elaboration : Time (s): cpu = 00:00:05 ; elapsed = 00:00:04 . Memory (MB): peak = 1292.293 ; gain = 92.570
---------------------------------------------------------------------------------
INFO: [Synth 8-638] synthesizing module 'hex_7seg' [C:/Users/240586/Documents/digital-electronics-1/04-segment/04-segment.srcs/sources_1/new/hex_7seg.vhd:42]
INFO: [Synth 8-256] done synthesizing module 'hex_7seg' (1#1) [C:/Users/240586/Documents/digital-electronics-1/04-segment/04-segment.srcs/sources_1/new/hex_7seg.vhd:42]
---------------------------------------------------------------------------------
Finished RTL Elaboration : Time (s): cpu = 00:00:06 ; elapsed = 00:00:05 . Memory (MB): peak = 1368.359 ; gain = 168.637
---------------------------------------------------------------------------------
---------------------------------------------------------------------------------
Start Handling Custom Attributes
---------------------------------------------------------------------------------
---------------------------------------------------------------------------------
Finished Handling Custom Attributes : Time (s): cpu = 00:00:06 ; elapsed = 00:00:06 . Memory (MB): peak = 1368.359 ; gain = 168.637
---------------------------------------------------------------------------------
---------------------------------------------------------------------------------
Finished RTL Optimization Phase 1 : Time (s): cpu = 00:00:06 ; elapsed = 00:00:06 . Memory (MB): peak = 1368.359 ; gain = 168.637
---------------------------------------------------------------------------------
Netlist sorting complete. Time (s): cpu = 00:00:00 ; elapsed = 00:00:00 . Memory (MB): peak = 1368.359 ; gain = 0.000
INFO: [Project 1-570] Preparing netlist for logic optimization

Processing XDC Constraints
Initializing timing engine
Parsing XDC File [C:/Users/240586/Documents/digital-electronics-1/04-segment/04-segment.srcs/constrs_1/new/nexys-a7-50t.xdc]
Finished Parsing XDC File [C:/Users/240586/Documents/digital-electronics-1/04-segment/04-segment.srcs/constrs_1/new/nexys-a7-50t.xdc]
Completed Processing XDC Constraints

Netlist sorting complete. Time (s): cpu = 00:00:00 ; elapsed = 00:00:00 . Memory (MB): peak = 1368.359 ; gain = 0.000
INFO: [Project 1-111] Unisim Transformation Summary:
No Unisim elements were transformed.

RTL Elaboration Complete:  : Time (s): cpu = 00:00:14 ; elapsed = 00:00:09 . Memory (MB): peak = 1487.828 ; gain = 288.105
5 Infos, 0 Warnings, 0 Critical Warnings and 0 Errors encountered.
synth_design completed successfully
synth_design: Time (s): cpu = 00:00:18 ; elapsed = 00:00:15 . Memory (MB): peak = 1487.828 ; gain = 288.105
close [ open C:/Users/240586/Documents/digital-electronics-1/04-segment/04-segment.srcs/sources_1/new/top.vhd w ]
add_files C:/Users/240586/Documents/digital-electronics-1/04-segment/04-segment.srcs/sources_1/new/top.vhd
update_compile_order -fileset sources_1
update_compile_order -fileset sources_1
launch_runs impl_1 -to_step write_bitstream -jobs 4
[Wed Mar  1 12:34:37 2023] Launched synth_1...
Run output will be captured here: C:/Users/240586/Documents/digital-electronics-1/04-segment/04-segment.runs/synth_1/runme.log
[Wed Mar  1 12:34:37 2023] Launched impl_1...
Run output will be captured here: C:/Users/240586/Documents/digital-electronics-1/04-segment/04-segment.runs/impl_1/runme.log
open_hw_manager
connect_hw_server -allow_non_jtag
INFO: [Labtools 27-2285] Connecting to hw_server url TCP:localhost:3121
INFO: [Labtools 27-2222] Launching hw_server...
INFO: [Labtools 27-2221] Launch Output:

****** Xilinx hw_server v2020.2
  **** Build date : Nov 18 2020 at 10:01:48
    ** Copyright 1986-2020 Xilinx, Inc. All Rights Reserved.


INFO: [Labtools 27-3415] Connecting to cs_server url TCP:localhost:3042
INFO: [Labtools 27-3417] Launching cs_server...
INFO: [Labtools 27-2221] Launch Output:


******** Xilinx cs_server v2020.2
  ****** Build date   : Nov 03 2020-22:02:56
    **** Build number : 2020.2.1604437376
      ** Copyright 2017-2020 Xilinx, Inc. All Rights Reserved.



connect_hw_server: Time (s): cpu = 00:00:02 ; elapsed = 00:00:08 . Memory (MB): peak = 1677.816 ; gain = 11.465
open_hw_target
INFO: [Labtoolstcl 44-466] Opening hw_target localhost:3121/xilinx_tcf/Digilent/210292AA7DE2A
open_hw_target: Time (s): cpu = 00:00:05 ; elapsed = 00:00:05 . Memory (MB): peak = 3218.840 ; gain = 1541.023
current_hw_device [get_hw_devices xc7a50t_0]
refresh_hw_device -update_hw_probes false [lindex [get_hw_devices xc7a50t_0] 0]
INFO: [Labtools 27-1434] Device xc7a50t (JTAG device index = 0) is programmed with a design that has no supported debug core(s) in it.
reset_run synth_1
launch_runs impl_1 -to_step write_bitstream -jobs 4
[Wed Mar  1 12:37:08 2023] Launched synth_1...
Run output will be captured here: C:/Users/240586/Documents/digital-electronics-1/04-segment/04-segment.runs/synth_1/runme.log
[Wed Mar  1 12:37:08 2023] Launched impl_1...
Run output will be captured here: C:/Users/240586/Documents/digital-electronics-1/04-segment/04-segment.runs/impl_1/runme.log
refresh_hw_device [lindex [get_hw_devices xc7a50t_0] 0]
INFO: [Labtools 27-1434] Device xc7a50t (JTAG device index = 0) is programmed with a design that has no supported debug core(s) in it.
reset_run synth_1
launch_runs impl_1 -to_step write_bitstream -jobs 4
[Wed Mar  1 12:39:48 2023] Launched synth_1...
Run output will be captured here: C:/Users/240586/Documents/digital-electronics-1/04-segment/04-segment.runs/synth_1/runme.log
[Wed Mar  1 12:39:48 2023] Launched impl_1...
Run output will be captured here: C:/Users/240586/Documents/digital-electronics-1/04-segment/04-segment.runs/impl_1/runme.log
refresh_hw_device [lindex [get_hw_devices xc7a50t_0] 0]
INFO: [Labtools 27-1434] Device xc7a50t (JTAG device index = 0) is programmed with a design that has no supported debug core(s) in it.
reset_run synth_1
launch_runs impl_1 -to_step write_bitstream -jobs 4
[Wed Mar  1 12:41:41 2023] Launched synth_1...
Run output will be captured here: C:/Users/240586/Documents/digital-electronics-1/04-segment/04-segment.runs/synth_1/runme.log
[Wed Mar  1 12:41:41 2023] Launched impl_1...
Run output will be captured here: C:/Users/240586/Documents/digital-electronics-1/04-segment/04-segment.runs/impl_1/runme.log
reset_run synth_1
launch_runs impl_1 -to_step write_bitstream -jobs 4
[Wed Mar  1 12:43:11 2023] Launched synth_1...
Run output will be captured here: C:/Users/240586/Documents/digital-electronics-1/04-segment/04-segment.runs/synth_1/runme.log
[Wed Mar  1 12:43:11 2023] Launched impl_1...
Run output will be captured here: C:/Users/240586/Documents/digital-electronics-1/04-segment/04-segment.runs/impl_1/runme.log
ERROR: [Labtoolstcl 44-513] HW Target shutdown. Closing target: localhost:3121/xilinx_tcf/Digilent/210292AA7DE2A
INFO: [Labtoolstcl 44-466] Opening hw_target localhost:3121/xilinx_tcf/Digilent/210292AA7DE2A
INFO: [Labtools 27-1434] Device xc7a50t (JTAG device index = 0) is programmed with a design that has no supported debug core(s) in it.
WARNING: [Labtoolstcl 44-129] No matching hw_ila_data was found.
refresh_hw_device [lindex [get_hw_devices xc7a50t_0] 0]
INFO: [Labtools 27-1434] Device xc7a50t (JTAG device index = 0) is programmed with a design that has no supported debug core(s) in it.
reset_run synth_1
launch_runs impl_1 -to_step write_bitstream -jobs 4
[Wed Mar  1 12:45:11 2023] Launched synth_1...
Run output will be captured here: C:/Users/240586/Documents/digital-electronics-1/04-segment/04-segment.runs/synth_1/runme.log
[Wed Mar  1 12:45:11 2023] Launched impl_1...
Run output will be captured here: C:/Users/240586/Documents/digital-electronics-1/04-segment/04-segment.runs/impl_1/runme.log
reset_run synth_1
launch_runs impl_1 -to_step write_bitstream -jobs 4
[Wed Mar  1 12:47:26 2023] Launched synth_1...
Run output will be captured here: C:/Users/240586/Documents/digital-electronics-1/04-segment/04-segment.runs/synth_1/runme.log
[Wed Mar  1 12:47:26 2023] Launched impl_1...
Run output will be captured here: C:/Users/240586/Documents/digital-electronics-1/04-segment/04-segment.runs/impl_1/runme.log
reset_run synth_1
launch_runs impl_1 -to_step write_bitstream -jobs 4
[Wed Mar  1 12:50:06 2023] Launched synth_1...
Run output will be captured here: C:/Users/240586/Documents/digital-electronics-1/04-segment/04-segment.runs/synth_1/runme.log
[Wed Mar  1 12:50:06 2023] Launched impl_1...
Run output will be captured here: C:/Users/240586/Documents/digital-electronics-1/04-segment/04-segment.runs/impl_1/runme.log
close_sim
INFO: [Simtcl 6-16] Simulation closed
close_sim: Time (s): cpu = 00:00:01 ; elapsed = 00:00:06 . Memory (MB): peak = 3368.883 ; gain = 4.426
launch_simulation
Command: launch_simulation 
INFO: [Vivado 12-5682] Launching behavioral simulation in 'C:/Users/240586/Documents/digital-electronics-1/04-segment/04-segment.sim/sim_1/behav/xsim'
INFO: [SIM-utils-51] Simulation object is 'sim_1'
INFO: [SIM-utils-54] Inspecting design source files for 'tb_hex_7seg' in fileset 'sim_1'...
INFO: [USF-XSim-97] Finding global include files...
INFO: [USF-XSim-98] Fetching design files from 'sim_1'...
INFO: [USF-XSim-2] XSim::Compile design
INFO: [USF-XSim-61] Executing 'COMPILE and ANALYZE' step in 'C:/Users/240586/Documents/digital-electronics-1/04-segment/04-segment.sim/sim_1/behav/xsim'
"xvhdl --incr --relax -prj tb_hex_7seg_vhdl.prj"
INFO: [USF-XSim-69] 'compile' step finished in '1' seconds
INFO: [USF-XSim-3] XSim::Elaborate design
INFO: [USF-XSim-61] Executing 'ELABORATE' step in 'C:/Users/240586/Documents/digital-electronics-1/04-segment/04-segment.sim/sim_1/behav/xsim'
"xelab -wto 03f170613003494b883b478d040073a3 --incr --debug typical --relax --mt 2 -L xil_defaultlib -L secureip --snapshot tb_hex_7seg_behav xil_defaultlib.tb_hex_7seg -log elaborate.log"
Vivado Simulator 2020.2
Copyright 1986-1999, 2001-2020 Xilinx, Inc. All Rights Reserved.
Running: C:/appz/Xilinx/Vivado/2020.2/bin/unwrapped/win64.o/xelab.exe -wto 03f170613003494b883b478d040073a3 --incr --debug typical --relax --mt 2 -L xil_defaultlib -L secureip --snapshot tb_hex_7seg_behav xil_defaultlib.tb_hex_7seg -log elaborate.log 
Using 2 slave threads.
Starting static elaboration
Completed static elaboration
INFO: [XSIM 43-4323] No Change in HDL. Linking previously generated obj files to create kernel
INFO: [USF-XSim-69] 'elaborate' step finished in '2' seconds
INFO: [USF-XSim-4] XSim::Simulate design
INFO: [USF-XSim-61] Executing 'SIMULATE' step in 'C:/Users/240586/Documents/digital-electronics-1/04-segment/04-segment.sim/sim_1/behav/xsim'
INFO: [USF-XSim-98] *** Running xsim
   with args "tb_hex_7seg_behav -key {Behavioral:sim_1:Functional:tb_hex_7seg} -tclbatch {tb_hex_7seg.tcl} -log {simulate.log}"
INFO: [USF-XSim-8] Loading simulator feature
Vivado Simulator 2020.2
Time resolution is 1 ps
source tb_hex_7seg.tcl
# set curr_wave [current_wave_config]
# if { [string length $curr_wave] == 0 } {
#   if { [llength [get_objects]] > 0} {
#     add_wave /
#     set_property needs_save false [current_wave_config]
#   } else {
#      send_msg_id Add_Wave-1 WARNING "No top level signals found. Simulator will start without a wave window. If you want to open a wave window go to 'File->New Waveform Configuration' or type 'create_wave_config' in the TCL console."
#   }
# }
# run 1000ns
Note: Stimulus process started
Time: 0 ps  Iteration: 0  Process: /tb_hex_7seg/p_stimulus  File: C:/Users/240586/Documents/digital-electronics-1/04-segment/04-segment.srcs/sim_1/new/tb_hex_7seg.vhd
INFO: [USF-XSim-96] XSim completed. Design snapshot 'tb_hex_7seg_behav' loaded.
INFO: [USF-XSim-97] XSim simulation ran for 1000ns
launch_simulation: Time (s): cpu = 00:00:03 ; elapsed = 00:00:05 . Memory (MB): peak = 3382.199 ; gain = 13.316
update_compile_order -fileset sources_1
reset_run synth_1
WARNING: [Vivado 12-1017] Problems encountered:
1. Failed to delete one or more files in run directory C:/Users/240586/Documents/digital-electronics-1/04-segment/04-segment.runs/synth_1

launch_runs impl_1 -to_step write_bitstream -jobs 4
[Wed Mar  1 12:53:25 2023] Launched synth_1...
Run output will be captured here: C:/Users/240586/Documents/digital-electronics-1/04-segment/04-segment.runs/synth_1/runme.log
[Wed Mar  1 12:53:25 2023] Launched impl_1...
Run output will be captured here: C:/Users/240586/Documents/digital-electronics-1/04-segment/04-segment.runs/impl_1/runme.log
update_compile_order -fileset sources_1
reset_run synth_1
WARNING: [Vivado 12-1017] Problems encountered:
1. Failed to delete one or more files in run directory C:/Users/240586/Documents/digital-electronics-1/04-segment/04-segment.runs/synth_1

launch_runs synth_1 -jobs 4
[Wed Mar  1 12:57:05 2023] Launched synth_1...
Run output will be captured here: C:/Users/240586/Documents/digital-electronics-1/04-segment/04-segment.runs/synth_1/runme.log
close_sim
INFO: [Simtcl 6-16] Simulation closed
exit
INFO: [Common 17-206] Exiting Vivado at Wed Mar  1 12:59:13 2023...
