#-----------------------------------------------------------
# Vivado v2020.2 (64-bit)
# SW Build 3064766 on Wed Nov 18 09:12:45 MST 2020
# IP Build 3064653 on Wed Nov 18 14:17:31 MST 2020
# Start of session at: Wed Mar 29 12:00:00 2023
# Process ID: 8156
# Current directory: C:/Users/240586/Documents/digital-electronics-1/07-display_driver/display_driver
# Command line: vivado.exe -gui_launcher_event rodinguilauncherevent3912 C:\Users\240586\Documents\digital-electronics-1\07-display_driver\display_driver\display_driver.xpr
# Log file: C:/Users/240586/Documents/digital-electronics-1/07-display_driver/display_driver/vivado.log
# Journal file: C:/Users/240586/Documents/digital-electronics-1/07-display_driver/display_driver\vivado.jou
#-----------------------------------------------------------
start_gui
open_project C:/Users/240586/Documents/digital-electronics-1/07-display_driver/display_driver/display_driver.xpr
WARNING: [filemgmt 56-3] Default IP Output Path : Could not find the directory 'C:/Users/240586/Documents/digital-electronics-1/07-display_driver/display_driver/display_driver.gen/sources_1'.
Scanning sources...
Finished scanning sources
INFO: [IP_Flow 19-234] Refreshing IP repositories
INFO: [IP_Flow 19-1704] No user IP repositories specified
INFO: [IP_Flow 19-2313] Loaded Vivado IP repository 'C:/appz/Xilinx/Vivado/2020.2/data/ip'.
update_compile_order -fileset sources_1
exit
INFO: [Common 17-206] Exiting Vivado at Wed Mar 29 12:00:31 2023...
